Using pre-set license
Built from '2020.2/staging' branch; Version is '2020.2.3f1 (8ff31bc5bf5b) revision 9433883'; Using compiler version '192528614'; Build Type 'Release'
OS: 'Windows 10 Pro; OS build 19042.1110; Version 2009; 64bit' Language: 'en' Physical Memory: 16325 MB
BatchMode: 1, IsHumanControllingUs: 0, StartBugReporterOnCrash: 0, Is64bit: 1, IsPro: 0

 COMMAND LINE ARGUMENTS:
C:\Program Files\Unity\Hub\Editor\2020.2.3f1\Editor\Unity.exe
-adb2
-batchMode
-noUpm
-name
AssetImportWorker0
-projectPath
C:/Users/94/Desktop/Proto Snake vs Block/Snake vs Block 3D
-logFile
Logs/AssetImportWorker0.log
-srvPort
59795
Successfully changed project path to: C:/Users/94/Desktop/Proto Snake vs Block/Snake vs Block 3D
C:/Users/94/Desktop/Proto Snake vs Block/Snake vs Block 3D
Using Asset Import Pipeline V2.
Refreshing native plugins compatible for Editor in 33.32 ms, found 0 plugins.
Preloading 0 native plugins for Editor in 0.00 ms.
Initialize engine version: 2020.2.3f1 (8ff31bc5bf5b)
[Subsystems] Discovering subsystems at path C:/Program Files/Unity/Hub/Editor/2020.2.3f1/Editor/Data/Resources/UnitySubsystems
[Subsystems] Discovering subsystems at path C:/Users/94/Desktop/Proto Snake vs Block/Snake vs Block 3D/Assets
GfxDevice: creating device client; threaded=0
Direct3D:
    Version:  Direct3D 11.0 [level 11.1]
    Renderer: NVIDIA GeForce GTX 1060 3GB (ID=0x1c02)
    Vendor:   
    VRAM:     2988 MB
    Driver:   30.0.14.7111
Initialize mono
Mono path[0] = 'C:/Program Files/Unity/Hub/Editor/2020.2.3f1/Editor/Data/Managed'
Mono path[1] = 'C:/Program Files/Unity/Hub/Editor/2020.2.3f1/Editor/Data/MonoBleedingEdge/lib/mono/unityjit'
Mono config path = 'C:/Program Files/Unity/Hub/Editor/2020.2.3f1/Editor/Data/MonoBleedingEdge/etc'
Using monoOptions --debugger-agent=transport=dt_socket,embedding=1,server=y,suspend=n,address=127.0.0.1:56876
Begin MonoManager ReloadAssembly
Registering precompiled unity dll's ...
Register platform support module: C:/Program Files/Unity/Hub/Editor/2020.2.3f1/Editor/Data/PlaybackEngines/WebGLSupport/UnityEditor.WebGL.Extensions.dll
Register platform support module: C:/Program Files/Unity/Hub/Editor/2020.2.3f1/Editor/Data/PlaybackEngines/WindowsStandaloneSupport/UnityEditor.WindowsStandalone.Extensions.dll
Registered in 0.002430 seconds.
Native extension for WindowsStandalone target not found
Native extension for WebGL target not found
Refreshing native plugins compatible for Editor in 36.60 ms, found 0 plugins.
Preloading 0 native plugins for Editor in 0.00 ms.
Invoked RoslynAnalysisRunner static constructor.
RoslynAnalysisRunner will not be running.
RoslynAnalysisRunner has terminated.
Mono: successfully reloaded assembly
- Completed reload, in  2.163 seconds
Platform modules already initialized, skipping
Registering precompiled user dll's ...
Registered in 0.000923 seconds.
Begin MonoManager ReloadAssembly
Native extension for WindowsStandalone target not found
Native extension for WebGL target not found
Refreshing native plugins compatible for Editor in 0.32 ms, found 0 plugins.
Preloading 0 native plugins for Editor in 0.00 ms.
Invoked RoslynAnalysisRunner static constructor.
RoslynAnalysisRunner will not be running.
RoslynAnalysisRunner has terminated.
Mono: successfully reloaded assembly
- Completed reload, in  1.012 seconds
Platform modules already initialized, skipping
========================================================================
Worker process is ready to serve import requests
Launched and connected shader compiler UnityShaderCompiler.exe after 0.06 seconds
Refreshing native plugins compatible for Editor in 0.46 ms, found 0 plugins.
Preloading 0 native plugins for Editor in 0.00 ms.
Unloading 1424 Unused Serialized files (Serialized files now loaded: 0)
System memory in use before: 72.4 MB.
System memory in use after: 72.5 MB.

Unloading 11 unused Assets to reduce memory usage. Loaded Objects now: 1866.
Total: 3.689500 ms (FindLiveObjects: 0.344100 ms CreateObjectMapping: 0.165800 ms MarkObjects: 3.026900 ms  DeleteObjects: 0.150600 ms)

========================================================================
Received Import Request.
  path: Assets/Scenes/Level1.unity
  artifactKey: Guid(9fc0d4010bbf28b4594072e72b8655ab) Importer(815301076,1909f56bfc062723c751e8b465ee728b)
Start importing Assets/Scenes/Level1.unity using Guid(9fc0d4010bbf28b4594072e72b8655ab) Importer(815301076,1909f56bfc062723c751e8b465ee728b)  -> (artifact id: 'b0a01f08f82d5a4fae66df4873f184ed') in 0.031418 seconds
  Import took 0.035294 seconds .

========================================================================
Received Import Request.
  Time since last request: 154.400761 seconds.
  path: Assets/Scripts/PlayerController.cs
  artifactKey: Guid(790544e79c7522e41ad6488dae50a55c) Importer(815301076,1909f56bfc062723c751e8b465ee728b)
Start importing Assets/Scripts/PlayerController.cs using Guid(790544e79c7522e41ad6488dae50a55c) Importer(815301076,1909f56bfc062723c751e8b465ee728b)  -> (artifact id: '3a7771fe9548413a633350181252ee63') in 0.038426 seconds
  Import took 0.041175 seconds .

========================================================================
Received Import Request.
  Time since last request: 0.007613 seconds.
  path: Assets/Scripts/PlayerController.cs
  artifactKey: Guid(790544e79c7522e41ad6488dae50a55c) Importer(815301076,1909f56bfc062723c751e8b465ee728b)
Start importing Assets/Scripts/PlayerController.cs using Guid(790544e79c7522e41ad6488dae50a55c) Importer(815301076,1909f56bfc062723c751e8b465ee728b)  -> (artifact id: '3a7771fe9548413a633350181252ee63') in 0.002594 seconds
  Import took 0.005717 seconds .

========================================================================
Received Prepare
Registering precompiled user dll's ...
Registered in 0.001722 seconds.
Begin MonoManager ReloadAssembly
Native extension for WindowsStandalone target not found
Native extension for WebGL target not found
Refreshing native plugins compatible for Editor in 0.32 ms, found 0 plugins.
Preloading 0 native plugins for Editor in 0.00 ms.
Invoked RoslynAnalysisRunner static constructor.
RoslynAnalysisRunner will not be running.
RoslynAnalysisRunner has terminated.
Mono: successfully reloaded assembly
- Completed reload, in  1.522 seconds
Platform modules already initialized, skipping
Refreshing native plugins compatible for Editor in 0.30 ms, found 0 plugins.
Preloading 0 native plugins for Editor in 0.00 ms.
Unloading 1379 Unused Serialized files (Serialized files now loaded: 0)
System memory in use before: 69.3 MB.
System memory in use after: 69.4 MB.

Unloading 6 unused Assets to reduce memory usage. Loaded Objects now: 1869.
Total: 2.360300 ms (FindLiveObjects: 0.373300 ms CreateObjectMapping: 0.170600 ms MarkObjects: 1.755300 ms  DeleteObjects: 0.059600 ms)

========================================================================
Received Prepare
Registering precompiled user dll's ...
Registered in 0.000903 seconds.
Begin MonoManager ReloadAssembly
Native extension for WindowsStandalone target not found
Native extension for WebGL target not found
Refreshing native plugins compatible for Editor in 0.34 ms, found 0 plugins.
Preloading 0 native plugins for Editor in 0.00 ms.
Invoked RoslynAnalysisRunner static constructor.
RoslynAnalysisRunner will not be running.
RoslynAnalysisRunner has terminated.
Mono: successfully reloaded assembly
- Completed reload, in  1.032 seconds
Platform modules already initialized, skipping
Refreshing native plugins compatible for Editor in 0.35 ms, found 0 plugins.
Preloading 0 native plugins for Editor in 0.00 ms.
Unloading 1378 Unused Serialized files (Serialized files now loaded: 0)
System memory in use before: 69.3 MB.
System memory in use after: 69.4 MB.

Unloading 6 unused Assets to reduce memory usage. Loaded Objects now: 1871.
Total: 1.995800 ms (FindLiveObjects: 0.156700 ms CreateObjectMapping: 0.055600 ms MarkObjects: 1.713200 ms  DeleteObjects: 0.069200 ms)

========================================================================
Received Prepare
Registering precompiled user dll's ...
Registered in 0.000743 seconds.
Begin MonoManager ReloadAssembly
Native extension for WindowsStandalone target not found
Native extension for WebGL target not found
Refreshing native plugins compatible for Editor in 0.30 ms, found 0 plugins.
Preloading 0 native plugins for Editor in 0.00 ms.
Invoked RoslynAnalysisRunner static constructor.
RoslynAnalysisRunner will not be running.
RoslynAnalysisRunner has terminated.
Mono: successfully reloaded assembly
- Completed reload, in  0.890 seconds
Platform modules already initialized, skipping
Refreshing native plugins compatible for Editor in 0.34 ms, found 0 plugins.
Preloading 0 native plugins for Editor in 0.00 ms.
Unloading 1378 Unused Serialized files (Serialized files now loaded: 0)
System memory in use before: 69.3 MB.
System memory in use after: 69.4 MB.

Unloading 6 unused Assets to reduce memory usage. Loaded Objects now: 1873.
Total: 2.092400 ms (FindLiveObjects: 0.159000 ms CreateObjectMapping: 0.054700 ms MarkObjects: 1.817200 ms  DeleteObjects: 0.060600 ms)

========================================================================
Received Prepare
Registering precompiled user dll's ...
Registered in 0.000814 seconds.
Begin MonoManager ReloadAssembly
Native extension for WindowsStandalone target not found
Native extension for WebGL target not found
Refreshing native plugins compatible for Editor in 0.32 ms, found 0 plugins.
Preloading 0 native plugins for Editor in 0.00 ms.
Invoked RoslynAnalysisRunner static constructor.
RoslynAnalysisRunner will not be running.
RoslynAnalysisRunner has terminated.
Mono: successfully reloaded assembly
- Completed reload, in  0.918 seconds
Platform modules already initialized, skipping
Refreshing native plugins compatible for Editor in 0.34 ms, found 0 plugins.
Preloading 0 native plugins for Editor in 0.00 ms.
Unloading 1378 Unused Serialized files (Serialized files now loaded: 0)
System memory in use before: 69.3 MB.
System memory in use after: 69.4 MB.

Unloading 6 unused Assets to reduce memory usage. Loaded Objects now: 1875.
Total: 2.198600 ms (FindLiveObjects: 0.253000 ms CreateObjectMapping: 0.058200 ms MarkObjects: 1.792400 ms  DeleteObjects: 0.093800 ms)

========================================================================
Received Import Request.
  Time since last request: 373.390718 seconds.
  path: Assets/ScriptableObjects/Level 2/Level2Parameters.asset
  artifactKey: Guid(04ac97299bcf4e34f8b15c6edfb5c11c) Importer(815301076,1909f56bfc062723c751e8b465ee728b)
Start importing Assets/ScriptableObjects/Level 2/Level2Parameters.asset using Guid(04ac97299bcf4e34f8b15c6edfb5c11c) Importer(815301076,1909f56bfc062723c751e8b465ee728b)  -> (artifact id: 'c5c59900ffc0ff026103b548f854616e') in 0.026480 seconds
  Import took 0.029929 seconds .

========================================================================
Received Import Request.
  Time since last request: 28.913745 seconds.
  path: Assets/ScriptableObjects/LevelParameters.asset
  artifactKey: Guid(73ed7e09cacc0154fb0238edfb202c89) Importer(815301076,1909f56bfc062723c751e8b465ee728b)
Start importing Assets/ScriptableObjects/LevelParameters.asset using Guid(73ed7e09cacc0154fb0238edfb202c89) Importer(815301076,1909f56bfc062723c751e8b465ee728b)  -> (artifact id: '67aeb8d4a5e813b5d17febd8af0265e1') in 0.009266 seconds
  Import took 0.012318 seconds .

========================================================================
Received Prepare
Registering precompiled user dll's ...
Registered in 0.000893 seconds.
Begin MonoManager ReloadAssembly
Native extension for WindowsStandalone target not found
Native extension for WebGL target not found
Refreshing native plugins compatible for Editor in 0.35 ms, found 0 plugins.
Preloading 0 native plugins for Editor in 0.00 ms.
Invoked RoslynAnalysisRunner static constructor.
RoslynAnalysisRunner will not be running.
RoslynAnalysisRunner has terminated.
Mono: successfully reloaded assembly
- Completed reload, in  0.925 seconds
Platform modules already initialized, skipping
Refreshing native plugins compatible for Editor in 0.34 ms, found 0 plugins.
Preloading 0 native plugins for Editor in 0.00 ms.
Unloading 1378 Unused Serialized files (Serialized files now loaded: 0)
System memory in use before: 69.3 MB.
System memory in use after: 69.4 MB.

Unloading 6 unused Assets to reduce memory usage. Loaded Objects now: 1877.
Total: 2.228600 ms (FindLiveObjects: 0.207100 ms CreateObjectMapping: 0.110900 ms MarkObjects: 1.840300 ms  DeleteObjects: 0.069400 ms)

========================================================================
Received Prepare
Registering precompiled user dll's ...
Registered in 0.000786 seconds.
Begin MonoManager ReloadAssembly
Native extension for WindowsStandalone target not found
Native extension for WebGL target not found
Refreshing native plugins compatible for Editor in 0.33 ms, found 0 plugins.
Preloading 0 native plugins for Editor in 0.00 ms.
Invoked RoslynAnalysisRunner static constructor.
RoslynAnalysisRunner will not be running.
RoslynAnalysisRunner has terminated.
Mono: successfully reloaded assembly
- Completed reload, in  0.871 seconds
Platform modules already initialized, skipping
Refreshing native plugins compatible for Editor in 0.35 ms, found 0 plugins.
Preloading 0 native plugins for Editor in 0.00 ms.
Unloading 1378 Unused Serialized files (Serialized files now loaded: 0)
System memory in use before: 69.3 MB.
System memory in use after: 69.4 MB.

Unloading 6 unused Assets to reduce memory usage. Loaded Objects now: 1879.
Total: 2.328800 ms (FindLiveObjects: 0.211600 ms CreateObjectMapping: 0.111800 ms MarkObjects: 1.913100 ms  DeleteObjects: 0.091200 ms)

========================================================================
Received Prepare
Registering precompiled user dll's ...
Registered in 0.000706 seconds.
Begin MonoManager ReloadAssembly
Native extension for WindowsStandalone target not found
Native extension for WebGL target not found
Refreshing native plugins compatible for Editor in 0.32 ms, found 0 plugins.
Preloading 0 native plugins for Editor in 0.00 ms.
Invoked RoslynAnalysisRunner static constructor.
RoslynAnalysisRunner will not be running.
RoslynAnalysisRunner has terminated.
Mono: successfully reloaded assembly
- Completed reload, in  1.045 seconds
Platform modules already initialized, skipping
Refreshing native plugins compatible for Editor in 0.37 ms, found 0 plugins.
Preloading 0 native plugins for Editor in 0.00 ms.
Unloading 1378 Unused Serialized files (Serialized files now loaded: 0)
System memory in use before: 69.4 MB.
System memory in use after: 69.4 MB.

Unloading 6 unused Assets to reduce memory usage. Loaded Objects now: 1881.
Total: 2.377400 ms (FindLiveObjects: 0.180800 ms CreateObjectMapping: 0.095200 ms MarkObjects: 2.043800 ms  DeleteObjects: 0.056600 ms)

========================================================================
Received Import Request.
  Time since last request: 267.202040 seconds.
  path: Assets/Scripts/GameManager.cs
  artifactKey: Guid(8c1e8d2bae3fb954c91aac8c30d9ea96) Importer(815301076,1909f56bfc062723c751e8b465ee728b)
Start importing Assets/Scripts/GameManager.cs using Guid(8c1e8d2bae3fb954c91aac8c30d9ea96) Importer(815301076,1909f56bfc062723c751e8b465ee728b)  -> (artifact id: '215e841a678e4630736dde8e00d201c6') in 0.009371 seconds
  Import took 0.012025 seconds .

========================================================================
Received Import Request.
  Time since last request: 0.025243 seconds.
  path: Assets/Scripts/GameManager.cs
  artifactKey: Guid(8c1e8d2bae3fb954c91aac8c30d9ea96) Importer(815301076,1909f56bfc062723c751e8b465ee728b)
Start importing Assets/Scripts/GameManager.cs using Guid(8c1e8d2bae3fb954c91aac8c30d9ea96) Importer(815301076,1909f56bfc062723c751e8b465ee728b)  -> (artifact id: '215e841a678e4630736dde8e00d201c6') in 0.003370 seconds
  Import took 0.006138 seconds .

AssetImportWorkerClient::OnTransportError - code=2 error=End of file
